2025-04-04 02:04:02.445317 - Received CBT.V508.FILE014.PDS from FILE014.XMI 
2025-04-04 02:04:02.446466 - Found $$$#DATE.txt (text/plain) in CBT.V508.FILE014.PDS, moved to PDS/$$$#DATE
2025-04-04 02:04:02.446609 - Found $$$INTRO.txt (text/plain) in CBT.V508.FILE014.PDS, moved to PDS/$$$INTRO
2025-04-04 02:04:02.446761 - Found $$IEFU83.txt (text/plain) in CBT.V508.FILE014.PDS, moved to PDS/$$IEFU83
2025-04-04 02:04:02.446938 - Found @FILE014.txt (text/plain) in CBT.V508.FILE014.PDS, moved to PDS/@FILE014
2025-04-04 02:04:02.447109 - Found @PDSART0.bin (application/octet-stream) in CBT.V508.FILE014.PDS, moved to PDS/@PDSART0
2025-04-04 02:04:02.447227 - Found @PDSART1.txt (text/plain) in CBT.V508.FILE014.PDS, moved to PDS/@PDSART1
2025-04-04 02:04:02.447361 - Found @PDSART2.txt (text/plain) in CBT.V508.FILE014.PDS, moved to PDS/@PDSART2
2025-04-04 02:04:02.447485 - Found @PDSART3.txt (text/plain) in CBT.V508.FILE014.PDS, moved to PDS/@PDSART3
2025-04-04 02:04:02.447599 - Found CBTCNR1.txt (text/plain) in CBT.V508.FILE014.PDS, moved to PDS/CBTCNR1
2025-04-04 02:04:02.447717 - Found CBTCNR2.txt (text/plain) in CBT.V508.FILE014.PDS, moved to PDS/CBTCNR2
2025-04-04 02:04:02.447832 - Found CBTINTRO.txt (text/plain) in CBT.V508.FILE014.PDS, moved to PDS/CBTINTRO
2025-04-04 02:04:02.447955 - Found IEFACTRT.txt (text/plain) in CBT.V508.FILE014.PDS, moved to PDS/IEFACTRT
2025-04-04 02:04:02.448076 - Found IOCOUN$$.txt (text/plain) in CBT.V508.FILE014.PDS, moved to PDS/IOCOUN$$
2025-04-04 02:04:02.448198 - Found IOCOUNT.txt (text/plain) in CBT.V508.FILE014.PDS, moved to PDS/IOCOUNT
2025-04-04 02:04:02.448313 - Found IOCOUNTA.txt (text/plain) in CBT.V508.FILE014.PDS, moved to PDS/IOCOUNTA
2025-04-04 02:04:02.448445 - Found IOCOUNTB.txt (text/plain) in CBT.V508.FILE014.PDS, moved to PDS/IOCOUNTB
2025-04-04 02:04:02.448557 - Found IOCOUNTC.txt (text/plain) in CBT.V508.FILE014.PDS, moved to PDS/IOCOUNTC
2025-04-04 02:04:02.448702 - Found IOCOUNTD.jcl (text/plain) in CBT.V508.FILE014.PDS, moved to PDS/IOCOUNTD
2025-04-04 02:04:02.448815 - Found JESART.txt (text/plain) in CBT.V508.FILE014.PDS, moved to PDS/JESART
2025-04-04 02:04:02.448946 - Found SMPARTCL.txt (text/plain) in CBT.V508.FILE014.PDS, moved to PDS/SMPARTCL
2025-04-04 02:04:02.449057 - Found SMPART2.txt (text/plain) in CBT.V508.FILE014.PDS, moved to PDS/SMPART2
